#
# A fatal error has been detected by the Java Runtime Environment:
#
#  EXCEPTION_ACCESS_VIOLATION (0xc0000005) at pc=0x6e8607ba, pid=4300, tid=6960
#
# JRE version: 7.0_13-b20
# Java VM: Java HotSpot(TM) Client VM (23.7-b01 mixed mode, sharing windows-x86 )
# Problematic frame:
# V  [jvm.dll+0xa07ba]
#
# Failed to write core dump. Minidumps are not enabled by default on client versions of Windows
#
# If you would like to submit a bug report, please visit:
#   http://bugreport.sun.com/bugreport/crash.jsp
#

---------------  T H R E A D  ---------------

Current thread (0x02a2dc00):  VMThread [stack: 0x02c00000,0x02c50000] [id=6960]

siginfo: ExceptionCode=0xc0000005, reading address 0x00000100

Registers:
EAX=0x000000fa, EBX=0x29f4055c, ECX=0x00000000, EDX=0x000000fa
ESP=0x02c4f8a4, EBP=0x02c4f8b8, ESI=0x00000100, EDI=0x29f401ec
EIP=0x6e8607ba, EFLAGS=0x00010206

Top of Stack: (sp=0x02c4f8a4)
0x02c4f8a4:   32ca2690 29f40168 00000002 000000fa
0x02c4f8b4:   6e860829 02c4f8d0 6e860a10 29f40168
0x02c4f8c4:   000000fa 29e8d7e8 00000000 02c4f8f0
0x02c4f8d4:   6e934892 29f40168 6eabb5e0 37a9d1d0
0x02c4f8e4:   003cbd70 02c4f8fc 6e934ccb 02c4f8fc
0x02c4f8f4:   6e934cd1 6eabb5e0 02c4f910 6e835016
0x02c4f904:   00000003 6eabb5e0 003cbd70 02c4f92c
0x02c4f914:   6e831414 6eabb5e0 00000000 6eabb5e0 

Instructions: (pc=0x6e8607ba)
0x6e86079a:   8d 7c 8f 0c 89 45 0c 3b fb 0f 83 a7 00 00 00 56
0x6e8607aa:   8d 9b 00 00 00 00 8b 37 85 f6 0f 84 84 00 00 00
0x6e8607ba:   8b 06 83 e0 03 3c 03 74 7b 8b 06 c7 45 fc 03 00
0x6e8607ca:   00 00 8b 4d fc 89 0e 80 3d fd d1 aa 6e 00 75 0a 


Register to memory mapping:

EAX=0x000000fa is an unknown value
EBX=0x29f4055c is an oop
[Lcom.aliquamgames.paradigm.blocks.Block; 
 - klass: 'com/aliquamgames/paradigm/blocks/Block'[]
 - length: 250
ECX=0x00000000 is an unknown value
EDX=0x000000fa is an unknown value
ESP=0x02c4f8a4 is an unknown value
EBP=0x02c4f8b8 is an unknown value
ESI=0x00000100 is an unknown value
EDI=0x29f401ec is an oop
[Lcom.aliquamgames.paradigm.blocks.Block; 
 - klass: 'com/aliquamgames/paradigm/blocks/Block'[]
 - length: 250


Stack: [0x02c00000,0x02c50000],  sp=0x02c4f8a4,  free space=318k
Native frames: (J=compiled Java code, j=interpreted, Vv=VM code, C=native code)
V  [jvm.dll+0xa07ba]
V  [jvm.dll+0xa0a10]
V  [jvm.dll+0x174892]
V  [jvm.dll+0x174cd1]
V  [jvm.dll+0x75016]
V  [jvm.dll+0x71414]
V  [jvm.dll+0x6b42f]
V  [jvm.dll+0x6d2bf]
V  [jvm.dll+0x6d770]
V  [jvm.dll+0x6c297]
V  [jvm.dll+0x73ae3]
V  [jvm.dll+0x6ae72]
V  [jvm.dll+0x624b3]
V  [jvm.dll+0x177326]
V  [jvm.dll+0x14f475]
V  [jvm.dll+0x14e5de]
V  [jvm.dll+0x14e967]
V  [jvm.dll+0x14ee32]
V  [jvm.dll+0x17ee89]
C  [msvcr100.dll+0x5c6de]  endthreadex+0x3a
C  [msvcr100.dll+0x5c788]  endthreadex+0xe4
C  [kernel32.dll+0xb729]  GetModuleFileNameA+0x1ba

VM_Operation (0x0090f900): GenCollectForAllocation, mode: safepoint, requested by thread 0x003c8800


---------------  P R O C E S S  ---------------

Java Threads: ( => current thread )
  0x05726400 JavaThread "TimerQueue" daemon [_thread_blocked, id=4360, stack(0x04d90000,0x04de0000)]
  0x02f3b400 JavaThread "AWT-Windows" daemon [_thread_in_native, id=5384, stack(0x03b40000,0x03b90000)]
  0x02f23c00 JavaThread "Java2D Disposer" daemon [_thread_blocked, id=6140, stack(0x03740000,0x03790000)]
  0x02a53c00 JavaThread "Service Thread" daemon [_thread_blocked, id=7052, stack(0x02de0000,0x02e30000)]
  0x02a45c00 JavaThread "C1 CompilerThread0" daemon [_thread_blocked, id=5068, stack(0x02d90000,0x02de0000)]
  0x02a44000 JavaThread "Attach Listener" daemon [_thread_blocked, id=4336, stack(0x02d40000,0x02d90000)]
  0x02a42c00 JavaThread "Signal Dispatcher" daemon [_thread_blocked, id=3812, stack(0x02cf0000,0x02d40000)]
  0x02a34400 JavaThread "Finalizer" daemon [_thread_blocked, id=7240, stack(0x02ca0000,0x02cf0000)]
  0x02a2f800 JavaThread "Reference Handler" daemon [_thread_blocked, id=8056, stack(0x02c50000,0x02ca0000)]
  0x003c8800 JavaThread "main" [_thread_blocked, id=7720, stack(0x008c0000,0x00910000)]

Other Threads:
=>0x02a2dc00 VMThread [stack: 0x02c00000,0x02c50000] [id=6960]
  0x02a67400 WatcherThread [stack: 0x02e30000,0x02e80000] [id=6288]

VM state:at safepoint (normal execution)

VM Mutex/Monitor currently owned by a thread:  ([mutex/lock_event])
[0x003c7658] Threads_lock - owner thread: 0x02a2dc00
[0x003c7a68] Heap_lock - owner thread: 0x003c8800

Heap
 def new generation   total 25152K, used 2752K [0x22ab0000, 0x245f0000, 0x28000000)
  eden space 22400K,   0% used [0x22ab0000, 0x22ab0000, 0x24090000)
  from space 2752K, 100% used [0x24090000, 0x24340000, 0x24340000)
  to   space 2752K,   0% used [0x24340000, 0x24340000, 0x245f0000)
 tenured generation   total 59116K, used 59111K [0x28000000, 0x2b9bb000, 0x32ab0000)
   the space 59116K,  99% used [0x28000000, 0x2b9b9e60, 0x2b9ba000, 0x2b9bb000)
 compacting perm gen  total 12288K, used 2627K [0x32ab0000, 0x336b0000, 0x36ab0000)
   the space 12288K,  21% used [0x32ab0000, 0x32d40ed0, 0x32d41000, 0x336b0000)
    ro space 10240K,  42% used [0x36ab0000, 0x36ef1958, 0x36ef1a00, 0x374b0000)
    rw space 12288K,  54% used [0x374b0000, 0x37b325f0, 0x37b32600, 0x380b0000)

Card table byte_map: [0x02aa0000,0x02b50000] byte_map_base: 0x0298aa80

Polling page: 0x003e0000

Code Cache  [0x00920000, 0x00a80000, 0x02920000)
 total_blobs=786 nmethods=506 adapters=215 free_code_cache=31380Kb largest_free_block=32132928

Compilation events (10 events):
Event: 18.067 Thread 0x02a45c00  505             com.aliquamgames.paradigm.util.Util::drawStringWithShadow (73 bytes)
Event: 18.070 Thread 0x02a45c00 nmethod 505 0x00a74348 code [0x00a745a0, 0x00a74db4]
Event: 18.074 Thread 0x02a45c00  506             com.aliquamgames.paradigm.menu.Menu::menuRender (394 bytes)
Event: 18.077 Thread 0x02a45c00 nmethod 506 0x00a75c48 code [0x00a75fd0, 0x00a76cd0]
Event: 18.337 Thread 0x02a45c00  507   !         com.aliquamgames.paradigm.Core::$SWITCH_TABLE$com$aliquamgames$paradigm$Core$State (101 bytes)
Event: 18.338 Thread 0x02a45c00 nmethod 507 0x00a77bc8 code [0x00a77d10, 0x00a781ec]
Event: 18.841 Thread 0x02a45c00  508   !         org.lwjgl.input.Keyboard::isCreated (17 bytes)
Event: 18.841 Thread 0x02a45c00 nmethod 508 0x00a78808 code [0x00a78900, 0x00a78a80]
Event: 18.924 Thread 0x02a45c00    6 %           com.aliquamgames.paradigm.level.InfiniteLevel::createInfiniteTerrainAsNeeded @ 118 (499 bytes)
Event: 18.926 Thread 0x02a45c00 nmethod 6% 0x00a78b08 code [0x00a78e00, 0x00a79cac]

GC Heap History (10 events):
Event: 6.339 GC heap after
Heap after GC invocations=19 (full 3):
 def new generation   total 4992K, used 511K [0x22ab0000, 0x23010000, 0x28000000)
  eden space 4480K,   0% used [0x22ab0000, 0x22ab0000, 0x22f10000)
  from space 512K,  99% used [0x22f10000, 0x22f8ffe0, 0x22f90000)
  to   space 512K,   0% used [0x22f90000, 0x22f90000, 0x23010000)
 tenured generation   total 10944K, used 10269K [0x28000000, 0x28ab0000, 0x32ab0000)
   the space 10944K,  93% used [0x28000000, 0x28a07630, 0x28a07800, 0x28ab0000)
 compacting perm gen  total 12288K, used 1994K [0x32ab0000, 0x336b0000, 0x36ab0000)
   the space 12288K,  16% used [0x32ab0000, 0x32ca2b80, 0x32ca2c00, 0x336b0000)
    ro space 10240K,  42% used [0x36ab0000, 0x36ef1958, 0x36ef1a00, 0x374b0000)
    rw space 12288K,  54% used [0x374b0000, 0x37b325f0, 0x37b32600, 0x380b0000)
}
Event: 6.346 GC heap before
{Heap before GC invocations=19 (full 3):
 def new generation   total 4992K, used 4991K [0x22ab0000, 0x23010000, 0x28000000)
  eden space 4480K, 100% used [0x22ab0000, 0x22f10000, 0x22f10000)
  from space 512K,  99% used [0x22f10000, 0x22f8ffe0, 0x22f90000)
  to   space 512K,   0% used [0x22f90000, 0x22f90000, 0x23010000)
 tenured generation   total 10944K, used 10269K [0x28000000, 0x28ab0000, 0x32ab0000)
   the space 10944K,  93% used [0x28000000, 0x28a07630, 0x28a07800, 0x28ab0000)
 compacting perm gen  total 12288K, used 1994K [0x32ab0000, 0x336b0000, 0x36ab0000)
   the space 12288K,  16% used [0x32ab0000, 0x32ca2b80, 0x32ca2c00, 0x336b0000)
    ro space 10240K,  42% used [0x36ab0000, 0x36ef1958, 0x36ef1a00, 0x374b0000)
    rw space 12288K,  54% used [0x374b0000, 0x37b325f0, 0x37b32600, 0x380b0000)
Event: 6.446 GC heap after
Heap after GC invocations=20 (full 4):
 def new generation   total 11136K, used 369K [0x22ab0000, 0x236c0000, 0x28000000)
  eden space 9920K,   3% used [0x22ab0000, 0x22b0c460, 0x23460000)
  from space 1216K,   0% used [0x23460000, 0x23460000, 0x23590000)
  to   space 1216K,   0% used [0x23590000, 0x23590000, 0x236c0000)
 tenured generation   total 24640K, used 14783K [0x28000000, 0x29810000, 0x32ab0000)
   the space 24640K,  59% used [0x28000000, 0x28e6ffa8, 0x28e70000, 0x29810000)
 compacting perm gen  total 12288K, used 1994K [0x32ab0000, 0x336b0000, 0x36ab0000)
   the space 12288K,  16% used [0x32ab0000, 0x32ca2938, 0x32ca2a00, 0x336b0000)
    ro space 10240K,  42% used [0x36ab0000, 0x36ef1958, 0x36ef1a00, 0x374b0000)
    rw space 12288K,  54% used [0x374b0000, 0x37b325f0, 0x37b32600, 0x380b0000)
}
Event: 6.472 GC heap before
{Heap before GC invocations=20 (full 4):
 def new generation   total 11136K, used 9920K [0x22ab0000, 0x236c0000, 0x28000000)
  eden space 9920K, 100% used [0x22ab0000, 0x23460000, 0x23460000)
  from space 1216K,   0% used [0x23460000, 0x23460000, 0x23590000)
  to   space 1216K,   0% used [0x23590000, 0x23590000, 0x236c0000)
 tenured generation   total 24640K, used 14783K [0x28000000, 0x29810000, 0x32ab0000)
   the space 24640K,  59% used [0x28000000, 0x28e6ffa8, 0x28e70000, 0x29810000)
 compacting perm gen  total 12288K, used 1994K [0x32ab0000, 0x336b0000, 0x36ab0000)
   the space 12288K,  16% used [0x32ab0000, 0x32ca2938, 0x32ca2a00, 0x336b0000)
    ro space 10240K,  42% used [0x36ab0000, 0x36ef1958, 0x36ef1a00, 0x374b0000)
    rw space 12288K,  54% used [0x374b0000, 0x37b325f0, 0x37b32600, 0x380b0000)
Event: 6.517 GC heap after
Heap after GC invocations=21 (full 4):
 def new generation   total 11136K, used 1215K [0x22ab0000, 0x236c0000, 0x28000000)
  eden space 9920K,   0% used [0x22ab0000, 0x22ab0000, 0x23460000)
  from space 1216K,  99% used [0x23590000, 0x236bfdb8, 0x236c0000)
  to   space 1216K,   0% used [0x23460000, 0x23460000, 0x23590000)
 tenured generation   total 24640K, used 23450K [0x28000000, 0x29810000, 0x32ab0000)
   the space 24640K,  95% used [0x28000000, 0x296e6ab0, 0x296e6c00, 0x29810000)
 compacting perm gen  total 12288K, used 1994K [0x32ab0000, 0x336b0000, 0x36ab0000)
   the space 12288K,  16% used [0x32ab0000, 0x32ca2938, 0x32ca2a00, 0x336b0000)
    ro space 10240K,  42% used [0x36ab0000, 0x36ef1958, 0x36ef1a00, 0x374b0000)
    rw space 12288K,  54% used [0x374b0000, 0x37b325f0, 0x37b32600, 0x380b0000)
}
Event: 6.532 GC heap before
{Heap before GC invocations=21 (full 4):
 def new generation   total 11136K, used 11135K [0x22ab0000, 0x236c0000, 0x28000000)
  eden space 9920K, 100% used [0x22ab0000, 0x23460000, 0x23460000)
  from space 1216K,  99% used [0x23590000, 0x236bfdb8, 0x236c0000)
  to   space 1216K,   0% used [0x23460000, 0x23460000, 0x23590000)
 tenured generation   total 24640K, used 23450K [0x28000000, 0x29810000, 0x32ab0000)
   the space 24640K,  95% used [0x28000000, 0x296e6ab0, 0x296e6c00, 0x29810000)
 compacting perm gen  total 12288K, used 1994K [0x32ab0000, 0x336b0000, 0x36ab0000)
   the space 12288K,  16% used [0x32ab0000, 0x32ca2938, 0x32ca2a00, 0x336b0000)
    ro space 10240K,  42% used [0x36ab0000, 0x36ef1958, 0x36ef1a00, 0x374b0000)
    rw space 12288K,  54% used [0x374b0000, 0x37b325f0, 0x37b32600, 0x380b0000)
Event: 6.680 GC heap after
Heap after GC invocations=22 (full 5):
 def new generation   total 25152K, used 1094K [0x22ab0000, 0x245f0000, 0x28000000)
  eden space 22400K,   4% used [0x22ab0000, 0x22bc1988, 0x24090000)
  from space 2752K,   0% used [0x24090000, 0x24090000, 0x24340000)
  to   space 2752K,   0% used [0x24340000, 0x24340000, 0x245f0000)
 tenured generation   total 55788K, used 33471K [0x28000000, 0x2b67b000, 0x32ab0000)
   the space 55788K,  59% used [0x28000000, 0x2a0aff10, 0x2a0b0000, 0x2b67b000)
 compacting perm gen  total 12288K, used 1994K [0x32ab0000, 0x336b0000, 0x36ab0000)
   the space 12288K,  16% used [0x32ab0000, 0x32ca2938, 0x32ca2a00, 0x336b0000)
    ro space 10240K,  42% used [0x36ab0000, 0x36ef1958, 0x36ef1a00, 0x374b0000)
    rw space 12288K,  54% used [0x374b0000, 0x37b325f0, 0x37b32600, 0x380b0000)
}
Event: 6.887 GC heap before
{Heap before GC invocations=22 (full 5):
 def new generation   total 25152K, used 22400K [0x22ab0000, 0x245f0000, 0x28000000)
  eden space 22400K, 100% used [0x22ab0000, 0x24090000, 0x24090000)
  from space 2752K,   0% used [0x24090000, 0x24090000, 0x24340000)
  to   space 2752K,   0% used [0x24340000, 0x24340000, 0x245f0000)
 tenured generation   total 55788K, used 33471K [0x28000000, 0x2b67b000, 0x32ab0000)
   the space 55788K,  59% used [0x28000000, 0x2a0aff10, 0x2a0b0000, 0x2b67b000)
 compacting perm gen  total 12288K, used 2024K [0x32ab0000, 0x336b0000, 0x36ab0000)
   the space 12288K,  16% used [0x32ab0000, 0x32caa008, 0x32caa200, 0x336b0000)
    ro space 10240K,  42% used [0x36ab0000, 0x36ef1958, 0x36ef1a00, 0x374b0000)
    rw space 12288K,  54% used [0x374b0000, 0x37b325f0, 0x37b32600, 0x380b0000)
Event: 6.981 GC heap after
Heap after GC invocations=23 (full 5):
 def new generation   total 25152K, used 2752K [0x22ab0000, 0x245f0000, 0x28000000)
  eden space 22400K,   0% used [0x22ab0000, 0x22ab0000, 0x24090000)
  from space 2752K, 100% used [0x24340000, 0x245f0000, 0x245f0000)
  to   space 2752K,   0% used [0x24090000, 0x24090000, 0x24340000)
 tenured generation   total 55788K, used 50192K [0x28000000, 0x2b67b000, 0x32ab0000)
   the space 55788K,  89% used [0x28000000, 0x2b104348, 0x2b104400, 0x2b67b000)
 compacting perm gen  total 12288K, used 2024K [0x32ab0000, 0x336b0000, 0x36ab0000)
   the space 12288K,  16% used [0x32ab0000, 0x32caa008, 0x32caa200, 0x336b0000)
    ro space 10240K,  42% used [0x36ab0000, 0x36ef1958, 0x36ef1a00, 0x374b0000)
    rw space 12288K,  54% used [0x374b0000, 0x37b325f0, 0x37b32600, 0x380b0000)
}
Event: 18.945 GC heap before
{Heap before GC invocations=23 (full 5):
 def new generation   total 25152K, used 25152K [0x22ab0000, 0x245f0000, 0x28000000)
  eden space 22400K, 100% used [0x22ab0000, 0x24090000, 0x24090000)
  from space 2752K, 100% used [0x24340000, 0x245f0000, 0x245f0000)
  to   space 2752K,   0% used [0x24090000, 0x24090000, 0x24340000)
 tenured generation   total 55788K, used 50192K [0x28000000, 0x2b67b000, 0x32ab0000)
   the space 55788K,  89% used [0x28000000, 0x2b104348, 0x2b104400, 0x2b67b000)
 compacting perm gen  total 12288K, used 2627K [0x32ab0000, 0x336b0000, 0x36ab0000)
   the space 12288K,  21% used [0x32ab0000, 0x32d40ed0, 0x32d41000, 0x336b0000)
    ro space 10240K,  42% used [0x36ab0000, 0x36ef1958, 0x36ef1a00, 0x374b0000)
    rw space 12288K,  54% used [0x374b0000, 0x37b325f0, 0x37b32600, 0x380b0000)

Deoptimization events (0 events):
No events

Internal exceptions (10 events):
Event: 8.901 Thread 0x003c8800 Threw 0x23d65920 at C:\jdk7u2_32P\jdk7u13_2932_new\hotspot\src\share\vm\prims\jvm.cpp:1166
Event: 8.959 Thread 0x003c8800 Threw 0x23dac608 at C:\jdk7u2_32P\jdk7u13_2932_new\hotspot\src\share\vm\prims\jvm.cpp:1166
Event: 8.961 Thread 0x003c8800 Threw 0x23db38a8 at C:\jdk7u2_32P\jdk7u13_2932_new\hotspot\src\share\vm\prims\jvm.cpp:1166
Event: 8.963 Thread 0x003c8800 Threw 0x23db5958 at C:\jdk7u2_32P\jdk7u13_2932_new\hotspot\src\share\vm\prims\jvm.cpp:1166
Event: 8.964 Thread 0x003c8800 Threw 0x23db7640 at C:\jdk7u2_32P\jdk7u13_2932_new\hotspot\src\share\vm\prims\jvm.cpp:1166
Event: 8.967 Thread 0x003c8800 Threw 0x23db9608 at C:\jdk7u2_32P\jdk7u13_2932_new\hotspot\src\share\vm\prims\jvm.cpp:1166
Event: 8.969 Thread 0x003c8800 Threw 0x23dbb450 at C:\jdk7u2_32P\jdk7u13_2932_new\hotspot\src\share\vm\prims\jvm.cpp:1166
Event: 14.370 Thread 0x003c8800 Threw 0x23df3278 at C:\jdk7u2_32P\jdk7u13_2932_new\hotspot\src\share\vm\prims\jvm.cpp:1166
Event: 18.916 Thread 0x003c8800 Threw 0x23ef9670 at C:\jdk7u2_32P\jdk7u13_2932_new\hotspot\src\share\vm\prims\jvm.cpp:1166
Event: 18.918 Thread 0x003c8800 Threw 0x23efb830 at C:\jdk7u2_32P\jdk7u13_2932_new\hotspot\src\share\vm\prims\jvm.cpp:1166

Events (10 events):
Event: 14.596 Thread 0x02a45c00 flushing nmethod 0x009f5288
Event: 14.596 Thread 0x02a45c00 flushing nmethod 0x009f5e48
Event: 15.395 Thread 0x02a45c00 flushing nmethod 0x00a1bdc8
Event: 15.395 Thread 0x02a45c00 flushing nmethod 0x00a1eb48
Event: 15.415 Thread 0x02a45c00 flushing nmethod 0x00a22788
Event: 18.916 loading class 0x02a35f00
Event: 18.916 loading class 0x02a35f00 done
Event: 18.918 loading class 0x02a72f80
Event: 18.918 loading class 0x02a72f80 done
Event: 18.944 Executing VM operation: GenCollectForAllocation


Dynamic libraries:
0x00400000 - 0x0042f000 	C:\Program Files\Java\jre7\bin\javaw.exe
0x7c900000 - 0x7c9b2000 	C:\WINDOWS\system32\ntdll.dll
0x7c800000 - 0x7c8f6000 	C:\WINDOWS\system32\kernel32.dll
0x77dd0000 - 0x77e6b000 	C:\WINDOWS\system32\ADVAPI32.dll
0x77e70000 - 0x77f03000 	C:\WINDOWS\system32\RPCRT4.dll
0x77fe0000 - 0x77ff1000 	C:\WINDOWS\system32\Secur32.dll
0x7e410000 - 0x7e4a1000 	C:\WINDOWS\system32\USER32.dll
0x77f10000 - 0x77f59000 	C:\WINDOWS\system32\GDI32.dll
0x773d0000 - 0x774d3000 	C:\WINDOWS\WinSxS\x86_Microsoft.Windows.Common-Controls_6595b64144ccf1df_6.0.2600.6028_x-ww_61e65202\COMCTL32.dll
0x77c10000 - 0x77c68000 	C:\WINDOWS\system32\msvcrt.dll
0x77f60000 - 0x77fd6000 	C:\WINDOWS\system32\SHLWAPI.dll
0x76390000 - 0x763ad000 	C:\WINDOWS\system32\IMM32.DLL
0x78aa0000 - 0x78b5e000 	C:\Program Files\Java\jre7\bin\msvcr100.dll
0x6e7c0000 - 0x6eb0d000 	C:\Program Files\Java\jre7\bin\client\jvm.dll
0x71ad0000 - 0x71ad9000 	C:\WINDOWS\system32\WSOCK32.dll
0x71ab0000 - 0x71ac7000 	C:\WINDOWS\system32\WS2_32.dll
0x71aa0000 - 0x71aa8000 	C:\WINDOWS\system32\WS2HELP.dll
0x76b40000 - 0x76b6d000 	C:\WINDOWS\system32\WINMM.dll
0x76bf0000 - 0x76bfb000 	C:\WINDOWS\system32\PSAPI.DLL
0x6e710000 - 0x6e71c000 	C:\Program Files\Java\jre7\bin\verify.dll
0x6d4c0000 - 0x6d4e0000 	C:\Program Files\Java\jre7\bin\java.dll
0x6e7a0000 - 0x6e7b3000 	C:\Program Files\Java\jre7\bin\zip.dll
0x6e4e0000 - 0x6e4f4000 	C:\Program Files\Java\jre7\bin\net.dll
0x6e500000 - 0x6e50e000 	C:\Program Files\Java\jre7\bin\nio.dll
0x10000000 - 0x1004d000 	F:\Windows\Eclipse\Workspace\ParadigmOpenGL\natives\natives-win\lwjgl.dll
0x5ed00000 - 0x5edcc000 	C:\WINDOWS\system32\OPENGL32.dll
0x68b20000 - 0x68b40000 	C:\WINDOWS\system32\GLU32.dll
0x73760000 - 0x737ab000 	C:\WINDOWS\system32\DDRAW.dll
0x73bc0000 - 0x73bc6000 	C:\WINDOWS\system32\DCIMAN32.dll
0x77c00000 - 0x77c08000 	C:\WINDOWS\system32\VERSION.dll
0x03090000 - 0x030f5000 	F:\Windows\Eclipse\Workspace\ParadigmOpenGL\natives\natives-win\OpenAL32.dll
0x7c9c0000 - 0x7d1d7000 	C:\WINDOWS\system32\SHELL32.dll
0x774e0000 - 0x7761e000 	C:\WINDOWS\system32\ole32.dll
0x5ad70000 - 0x5ada8000 	C:\WINDOWS\system32\uxtheme.dll
0x031c0000 - 0x031c7000 	c:\PROGRA~1\mcafee\SITEAD~1\saHook.dll
0x77120000 - 0x771ab000 	C:\WINDOWS\system32\OLEAUT32.dll
0x74720000 - 0x7476c000 	C:\WINDOWS\system32\MSCTF.dll
0x76fd0000 - 0x7704f000 	C:\WINDOWS\system32\CLBCATQ.DLL
0x77050000 - 0x77115000 	C:\WINDOWS\system32\COMRes.dll
0x73f10000 - 0x73f6c000 	C:\WINDOWS\system32\dsound.dll
0x76c30000 - 0x76c5e000 	C:\WINDOWS\system32\WINTRUST.dll
0x77a80000 - 0x77b17000 	C:\WINDOWS\system32\CRYPT32.dll
0x77b20000 - 0x77b32000 	C:\WINDOWS\system32\MSASN1.dll
0x76c90000 - 0x76cb9000 	C:\WINDOWS\system32\IMAGEHLP.dll
0x72d20000 - 0x72d29000 	C:\WINDOWS\system32\wdmaud.drv
0x72d10000 - 0x72d18000 	C:\WINDOWS\system32\msacm32.drv
0x77be0000 - 0x77bf5000 	C:\WINDOWS\system32\MSACM32.dll
0x77bd0000 - 0x77bd7000 	C:\WINDOWS\system32\midimap.dll
0x73ee0000 - 0x73ee4000 	C:\WINDOWS\system32\KsUser.dll
0x77b40000 - 0x77b62000 	C:\WINDOWS\system32\apphelp.dll
0x755c0000 - 0x755ee000 	C:\WINDOWS\system32\msctfime.ime
0x03d00000 - 0x03f3d000 	C:\WINDOWS\system32\iglicd32.dll
0x038c0000 - 0x03930000 	C:\WINDOWS\system32\igldev32.dll
0x03f70000 - 0x03f85000 	C:\WINDOWS\system32\btmmhook.dll
0x73b30000 - 0x73b45000 	C:\WINDOWS\system32\mscms.dll
0x73000000 - 0x73026000 	C:\WINDOWS\system32\WINSPOOL.DRV
0x66e90000 - 0x66ed1000 	C:\WINDOWS\system32\icm32.dll
0x6d000000 - 0x6d142000 	C:\Program Files\Java\jre7\bin\awt.dll
0x6d270000 - 0x6d29a000 	C:\Program Files\Java\jre7\bin\fontmanager.dll
0x6e6b0000 - 0x6e6e1000 	C:\Program Files\Java\jre7\bin\t2k.dll
0x68000000 - 0x68036000 	C:\WINDOWS\system32\rsaenh.dll
0x769c0000 - 0x76a74000 	C:\WINDOWS\system32\USERENV.dll
0x5b860000 - 0x5b8b5000 	C:\WINDOWS\system32\netapi32.dll
0x71a50000 - 0x71a8f000 	C:\WINDOWS\System32\mswsock.dll
0x76f20000 - 0x76f47000 	C:\WINDOWS\system32\DNSAPI.dll
0x76d60000 - 0x76d79000 	C:\WINDOWS\system32\iphlpapi.dll
0x76fb0000 - 0x76fb8000 	C:\WINDOWS\System32\winrnr.dll
0x76f60000 - 0x76f8c000 	C:\WINDOWS\system32\WLDAP32.dll
0x64000000 - 0x64021000 	C:\Program Files\Bonjour\mdnsNSP.dll
0x76fc0000 - 0x76fc6000 	C:\WINDOWS\system32\rasadhlp.dll
0x59a60000 - 0x59b01000 	C:\WINDOWS\system32\dbghelp.dll

VM Arguments:
jvm_args: -Djava.library.path=F:\Windows\Eclipse\Workspace\ParadigmOpenGL\natives\natives-win -Dfile.encoding=Cp1252 
java_command: com.aliquamgames.paradigm.Core
Launcher Type: SUN_STANDARD

Environment Variables:
CLASSPATH=.;C:\Program Files\QuickTime\QTSystem\QTJava.zip
PATH=C:/Program Files/Java/jre7/bin/client;C:/Program Files/Java/jre7/bin;C:/Program Files/Java/jre7/lib/i386;C:\Program Files\Java\jre7\bin;C:\Documents and Settings\Luke\Local Settings\Application Data\Smartbar\Application\;C:\BORLANDC\BIN;F:\Windows\Eclipse\eclipse;
USERNAME=Luke
OS=Windows_NT
PROCESSOR_IDENTIFIER=x86 Family 6 Model 13 Stepping 8, GenuineIntel



---------------  S Y S T E M  ---------------

OS: Windows XP Build 2600 Service Pack 3

CPU:total 1 (1 cores per cpu, 1 threads per core) family 6 model 13 stepping 8, cmov, cx8, fxsr, mmx, sse, sse2, tsc

Memory: 4k page, physical 2088304k(267152k free), swap 4026056k(646664k free)

vm_info: Java HotSpot(TM) Client VM (23.7-b01) for windows-x86 JRE (1.7.0_13-b20), built on Jan 30 2013 10:03:58 by "java_re" with unknown MS VC++:1600

time: Tue Jul 22 16:45:23 2014
elapsed time: 19 seconds

